2016-04-20 00:25:15 [127.0.0.1][-][eippsrm1djl54r0dilto4nb1o1][error][yii\web\HttpException:404] exception 'yii\base\InvalidRouteException' with message 'Unable to resolve the request "favicon.ico".' in /var/www/monumentix.com/monumentix/website/_protected/vendor/yiisoft/yii2/base/Module.php:460
Stack trace:
#0 /var/www/monumentix.com/monumentix/website/_protected/vendor/yiisoft/yii2/web/Application.php(84): yii\base\Module->runAction('favicon.ico', Array)
#1 /var/www/monumentix.com/monumentix/website/_protected/vendor/yiisoft/yii2/base/Application.php(375): yii\web\Application->handleRequest(Object(yii\web\Request))
#2 /var/www/monumentix.com/monumentix/website/index.php(18): yii\base\Application->run()
#3 {main}

Next exception 'yii\web\NotFoundHttpException' with message 'Page not found.' in /var/www/monumentix.com/monumentix/website/_protected/vendor/yiisoft/yii2/web/Application.php:96
Stack trace:
#0 /var/www/monumentix.com/monumentix/website/_protected/vendor/yiisoft/yii2/base/Application.php(375): yii\web\Application->handleRequest(Object(yii\web\Request))
#1 /var/www/monumentix.com/monumentix/website/index.php(18): yii\base\Application->run()
#2 {main}
2016-04-20 00:25:15 [127.0.0.1][-][eippsrm1djl54r0dilto4nb1o1][info][application] $_COOKIE = [
    'PHPSESSID' => 'eippsrm1djl54r0dilto4nb1o1'
    '_csrf' => '2e7566c94ce6b991b200604a309c5b53f1413b56d914894129c8ed93c86a4415a:2:{i:0;s:5:\"_csrf\";i:1;s:32:\"qr1Otv07mWKNgtVabP_MUAqaqxgYYf-W\";}'
]

$_SESSION = [
    '__flash' => []
]

$_SERVER = [
    'REDIRECT_STATUS' => '200'
    'HTTP_HOST' => 'monumentix.com'
    'HTTP_CONNECTION' => 'keep-alive'
    'HTTP_USER_AGENT' => 'Mozilla/5.0 (X11; Linux x86_64) AppleWebKit/537.36 (KHTML, like Gecko) Chrome/50.0.2661.75 Safari/537.36'
    'HTTP_ACCEPT' => '*/*'
    'HTTP_REFERER' => 'http://monumentix.com/'
    'HTTP_ACCEPT_ENCODING' => 'gzip, deflate, sdch'
    'HTTP_ACCEPT_LANGUAGE' => 'en-US,en;q=0.8'
    'HTTP_COOKIE' => 'PHPSESSID=eippsrm1djl54r0dilto4nb1o1; _csrf=2e7566c94ce6b991b200604a309c5b53f1413b56d914894129c8ed93c86a4415a%3A2%3A%7Bi%3A0%3Bs%3A5%3A%22_csrf%22%3Bi%3A1%3Bs%3A32%3A%22qr1Otv07mWKNgtVabP_MUAqaqxgYYf-W%22%3B%7D'
    'PATH' => '/usr/local/sbin:/usr/local/bin:/usr/sbin:/usr/bin:/sbin:/bin'
    'SERVER_SIGNATURE' => '<address>Apache/2.4.7 (Ubuntu) Server at monumentix.com Port 80</address>
'
    'SERVER_SOFTWARE' => 'Apache/2.4.7 (Ubuntu)'
    'SERVER_NAME' => 'monumentix.com'
    'SERVER_ADDR' => '127.0.0.1'
    'SERVER_PORT' => '80'
    'REMOTE_ADDR' => '127.0.0.1'
    'DOCUMENT_ROOT' => '/var/www/monumentix.com/monumentix/website/'
    'REQUEST_SCHEME' => 'http'
    'CONTEXT_PREFIX' => ''
    'CONTEXT_DOCUMENT_ROOT' => '/var/www/monumentix.com/monumentix/website/'
    'SERVER_ADMIN' => 'webmaster@localhost'
    'SCRIPT_FILENAME' => '/var/www/monumentix.com/monumentix/website/index.php'
    'REMOTE_PORT' => '51030'
    'REDIRECT_URL' => '/favicon.ico'
    'GATEWAY_INTERFACE' => 'CGI/1.1'
    'SERVER_PROTOCOL' => 'HTTP/1.1'
    'REQUEST_METHOD' => 'GET'
    'QUERY_STRING' => ''
    'REQUEST_URI' => '/favicon.ico'
    'SCRIPT_NAME' => '/index.php'
    'PHP_SELF' => '/index.php'
    'REQUEST_TIME_FLOAT' => 1461111915.912
    'REQUEST_TIME' => 1461111915
]
2016-04-20 00:37:25 [127.0.0.1][-][eippsrm1djl54r0dilto4nb1o1][error][yii\web\HttpException:404] exception 'yii\base\InvalidRouteException' with message 'Unable to resolve the request "website/backend".' in /var/www/monumentix.com/monumentix/website/_protected/vendor/yiisoft/yii2/base/Module.php:460
Stack trace:
#0 /var/www/monumentix.com/monumentix/website/_protected/vendor/yiisoft/yii2/web/Application.php(84): yii\base\Module->runAction('website/backend', Array)
#1 /var/www/monumentix.com/monumentix/website/_protected/vendor/yiisoft/yii2/base/Application.php(375): yii\web\Application->handleRequest(Object(yii\web\Request))
#2 /var/www/monumentix.com/monumentix/website/index.php(18): yii\base\Application->run()
#3 {main}

Next exception 'yii\web\NotFoundHttpException' with message 'Page not found.' in /var/www/monumentix.com/monumentix/website/_protected/vendor/yiisoft/yii2/web/Application.php:96
Stack trace:
#0 /var/www/monumentix.com/monumentix/website/_protected/vendor/yiisoft/yii2/base/Application.php(375): yii\web\Application->handleRequest(Object(yii\web\Request))
#1 /var/www/monumentix.com/monumentix/website/index.php(18): yii\base\Application->run()
#2 {main}
2016-04-20 00:37:25 [127.0.0.1][-][eippsrm1djl54r0dilto4nb1o1][info][application] $_COOKIE = [
    'PHPSESSID' => 'eippsrm1djl54r0dilto4nb1o1'
    '_csrf' => '2e7566c94ce6b991b200604a309c5b53f1413b56d914894129c8ed93c86a4415a:2:{i:0;s:5:\"_csrf\";i:1;s:32:\"qr1Otv07mWKNgtVabP_MUAqaqxgYYf-W\";}'
]

$_SESSION = [
    '__flash' => []
]

$_SERVER = [
    'REDIRECT_STATUS' => '200'
    'HTTP_HOST' => 'monumentix.com'
    'HTTP_CONNECTION' => 'keep-alive'
    'HTTP_ACCEPT' => 'text/html,application/xhtml+xml,application/xml;q=0.9,image/webp,*/*;q=0.8'
    'HTTP_UPGRADE_INSECURE_REQUESTS' => '1'
    'HTTP_USER_AGENT' => 'Mozilla/5.0 (X11; Linux x86_64) AppleWebKit/537.36 (KHTML, like Gecko) Chrome/50.0.2661.75 Safari/537.36'
    'HTTP_ACCEPT_ENCODING' => 'gzip, deflate, sdch'
    'HTTP_ACCEPT_LANGUAGE' => 'en-US,en;q=0.8'
    'HTTP_COOKIE' => 'PHPSESSID=eippsrm1djl54r0dilto4nb1o1; _csrf=2e7566c94ce6b991b200604a309c5b53f1413b56d914894129c8ed93c86a4415a%3A2%3A%7Bi%3A0%3Bs%3A5%3A%22_csrf%22%3Bi%3A1%3Bs%3A32%3A%22qr1Otv07mWKNgtVabP_MUAqaqxgYYf-W%22%3B%7D'
    'PATH' => '/usr/local/sbin:/usr/local/bin:/usr/sbin:/usr/bin:/sbin:/bin'
    'SERVER_SIGNATURE' => '<address>Apache/2.4.7 (Ubuntu) Server at monumentix.com Port 80</address>
'
    'SERVER_SOFTWARE' => 'Apache/2.4.7 (Ubuntu)'
    'SERVER_NAME' => 'monumentix.com'
    'SERVER_ADDR' => '127.0.0.1'
    'SERVER_PORT' => '80'
    'REMOTE_ADDR' => '127.0.0.1'
    'DOCUMENT_ROOT' => '/var/www/monumentix.com/monumentix/website/'
    'REQUEST_SCHEME' => 'http'
    'CONTEXT_PREFIX' => ''
    'CONTEXT_DOCUMENT_ROOT' => '/var/www/monumentix.com/monumentix/website/'
    'SERVER_ADMIN' => 'webmaster@localhost'
    'SCRIPT_FILENAME' => '/var/www/monumentix.com/monumentix/website/index.php'
    'REMOTE_PORT' => '51117'
    'REDIRECT_URL' => '/website/backend'
    'GATEWAY_INTERFACE' => 'CGI/1.1'
    'SERVER_PROTOCOL' => 'HTTP/1.1'
    'REQUEST_METHOD' => 'GET'
    'QUERY_STRING' => ''
    'REQUEST_URI' => '/website/backend'
    'SCRIPT_NAME' => '/index.php'
    'PHP_SELF' => '/index.php'
    'REQUEST_TIME_FLOAT' => 1461112645.532
    'REQUEST_TIME' => 1461112645
]
